0 info it worked if it ends with ok
1 verbose cli [ '/home/user/apps/bin/node',
1 verbose cli   '/home/user/apps/bin/npm',
1 verbose cli   'show',
1 verbose cli   'webviewer-to-xwiki-extension' ]
2 info using npm@1.1.66
3 info using node@v0.8.15
4 verbose node symlink /home/user/apps/bin/node
5 verbose url raw webviewer-to-xwiki-extension
6 verbose url resolving [ 'https://registry.npmjs.org/',
6 verbose url resolving   './webviewer-to-xwiki-extension' ]
7 verbose url resolved https://registry.npmjs.org/webviewer-to-xwiki-extension
8 info trying registry request attempt 1 at 15:42:12
9 http GET https://registry.npmjs.org/webviewer-to-xwiki-extension
10 http 404 https://registry.npmjs.org/webviewer-to-xwiki-extension
11 silly registry.get cb [ 404,
11 silly registry.get   { server: 'CouchDB/1.3.1 (Erlang OTP/R15B03)',
11 silly registry.get     date: 'Wed, 06 Nov 2013 14:42:13 GMT',
11 silly registry.get     'content-type': 'application/json',
11 silly registry.get     'content-length': '52',
11 silly registry.get     'cache-control': 'must-revalidate' } ]
12 error 404 'webviewer-to-xwiki-extension' is not in the npm registry.
12 error 404 You should bug the author to publish it
12 error 404
12 error 404 Note that you can also install from a
12 error 404 tarball, folder, or http url, or git url.
13 error System Linux 3.11.0-12-generic
14 error command "/home/user/apps/bin/node" "/home/user/apps/bin/npm" "show" "webviewer-to-xwiki-extension"
15 error cwd /home/user/wrk/resilience/webviewers/webviewer-to-xwiki-extension
16 error node -v v0.8.15
17 error npm -v 1.1.66
18 error code E404
19 verbose exit [ 1, true ]
